0 info it worked if it ends with ok
1 verbose cli [ '/home/mohitranjan/.nvm/versions/node/v4.3.2/bin/node',
1 verbose cli   '/home/mohitranjan/.nvm/versions/node/v4.3.2/bin/npm',
1 verbose cli   'i',
1 verbose cli   'passport',
1 verbose cli   'passport-local',
1 verbose cli   'passport-local-mongoose' ]
2 info using npm@2.14.12
3 info using node@v4.3.2
4 verbose install initial load of /home/mohitranjan/Documents/my-practice-stuff/MERN-Blog/Server/package.json
5 verbose installManyTop reading scoped package data from /home/mohitranjan/Documents/my-practice-stuff/MERN-Blog/Server/node_modules/abbrev/package.json
6 verbose installManyTop reading scoped package data from /home/mohitranjan/Documents/my-practice-stuff/MERN-Blog/Server/node_modules/accepts/package.json
7 verbose installManyTop reading scoped package data from /home/mohitranjan/Documents/my-practice-stuff/MERN-Blog/Server/node_modules/acorn/package.json
8 verbose installManyTop reading scoped package data from /home/mohitranjan/Documents/my-practice-stuff/MERN-Blog/Server/node_modules/acorn-globals/package.json
9 verbose installManyTop reading scoped package data from /home/mohitranjan/Documents/my-practice-stuff/MERN-Blog/Server/node_modules/align-text/package.json
10 verbose installManyTop reading scoped package data from /home/mohitranjan/Documents/my-practice-stuff/MERN-Blog/Server/node_modules/amdefine/package.json
11 verbose installManyTop reading scoped package data from /home/mohitranjan/Documents/my-practice-stuff/MERN-Blog/Server/node_modules/ansi-align/package.json
12 verbose installManyTop reading scoped package data from /home/mohitranjan/Documents/my-practice-stuff/MERN-Blog/Server/node_modules/ansi-regex/package.json
13 verbose installManyTop reading scoped package data from /home/mohitranjan/Documents/my-practice-stuff/MERN-Blog/Server/node_modules/ansi-styles/package.json
14 verbose installManyTop reading scoped package data from /home/mohitranjan/Documents/my-practice-stuff/MERN-Blog/Server/node_modules/anymatch/package.json
15 verbose installManyTop reading scoped package data from /home/mohitranjan/Documents/my-practice-stuff/MERN-Blog/Server/node_modules/array-flatten/package.json
16 verbose installManyTop reading scoped package data from /home/mohitranjan/Documents/my-practice-stuff/MERN-Blog/Server/node_modules/asap/package.json
17 verbose installManyTop reading scoped package data from /home/mohitranjan/Documents/my-practice-stuff/MERN-Blog/Server/node_modules/balanced-match/package.json
18 verbose installManyTop reading scoped package data from /home/mohitranjan/Documents/my-practice-stuff/MERN-Blog/Server/node_modules/base64-js/package.json
19 verbose installManyTop reading scoped package data from /home/mohitranjan/Documents/my-practice-stuff/MERN-Blog/Server/node_modules/basic-auth/package.json
20 verbose installManyTop reading scoped package data from /home/mohitranjan/Documents/my-practice-stuff/MERN-Blog/Server/node_modules/binary-extensions/package.json
21 verbose installManyTop reading scoped package data from /home/mohitranjan/Documents/my-practice-stuff/MERN-Blog/Server/node_modules/body-parser/package.json
22 verbose installManyTop reading scoped package data from /home/mohitranjan/Documents/my-practice-stuff/MERN-Blog/Server/node_modules/boxen/package.json
23 verbose installManyTop reading scoped package data from /home/mohitranjan/Documents/my-practice-stuff/MERN-Blog/Server/node_modules/brace-expansion/package.json
24 verbose installManyTop reading scoped package data from /home/mohitranjan/Documents/my-practice-stuff/MERN-Blog/Server/node_modules/braces/package.json
25 verbose installManyTop reading scoped package data from /home/mohitranjan/Documents/my-practice-stuff/MERN-Blog/Server/node_modules/bson/package.json
26 verbose installManyTop reading scoped package data from /home/mohitranjan/Documents/my-practice-stuff/MERN-Blog/Server/node_modules/buffer/package.json
27 verbose installManyTop reading scoped package data from /home/mohitranjan/Documents/my-practice-stuff/MERN-Blog/Server/node_modules/bytes/package.json
28 verbose installManyTop reading scoped package data from /home/mohitranjan/Documents/my-practice-stuff/MERN-Blog/Server/node_modules/cacheable-request/package.json
29 verbose installManyTop reading scoped package data from /home/mohitranjan/Documents/my-practice-stuff/MERN-Blog/Server/node_modules/camelcase/package.json
30 verbose installManyTop reading scoped package data from /home/mohitranjan/Documents/my-practice-stuff/MERN-Blog/Server/node_modules/center-align/package.json
31 verbose installManyTop reading scoped package data from /home/mohitranjan/Documents/my-practice-stuff/MERN-Blog/Server/node_modules/chalk/package.json
32 verbose installManyTop reading scoped package data from /home/mohitranjan/Documents/my-practice-stuff/MERN-Blog/Server/node_modules/character-parser/package.json
33 verbose installManyTop reading scoped package data from /home/mohitranjan/Documents/my-practice-stuff/MERN-Blog/Server/node_modules/chokidar/package.json
34 verbose installManyTop reading scoped package data from /home/mohitranjan/Documents/my-practice-stuff/MERN-Blog/Server/node_modules/ci-info/package.json
35 verbose installManyTop reading scoped package data from /home/mohitranjan/Documents/my-practice-stuff/MERN-Blog/Server/node_modules/clean-css/package.json
36 verbose installManyTop reading scoped package data from /home/mohitranjan/Documents/my-practice-stuff/MERN-Blog/Server/node_modules/cli-boxes/package.json
37 verbose installManyTop reading scoped package data from /home/mohitranjan/Documents/my-practice-stuff/MERN-Blog/Server/node_modules/cliui/package.json
38 verbose installManyTop reading scoped package data from /home/mohitranjan/Documents/my-practice-stuff/MERN-Blog/Server/node_modules/clone-response/package.json
39 verbose installManyTop reading scoped package data from /home/mohitranjan/Documents/my-practice-stuff/MERN-Blog/Server/node_modules/color-convert/package.json
40 verbose installManyTop reading scoped package data from /home/mohitranjan/Documents/my-practice-stuff/MERN-Blog/Server/node_modules/color-name/package.json
41 verbose installManyTop reading scoped package data from /home/mohitranjan/Documents/my-practice-stuff/MERN-Blog/Server/node_modules/commander/package.json
42 verbose installManyTop reading scoped package data from /home/mohitranjan/Documents/my-practice-stuff/MERN-Blog/Server/node_modules/concat-map/package.json
43 verbose installManyTop reading scoped package data from /home/mohitranjan/Documents/my-practice-stuff/MERN-Blog/Server/node_modules/configstore/package.json
44 verbose installManyTop reading scoped package data from /home/mohitranjan/Documents/my-practice-stuff/MERN-Blog/Server/node_modules/constantinople/package.json
45 verbose installManyTop reading scoped package data from /home/mohitranjan/Documents/my-practice-stuff/MERN-Blog/Server/node_modules/content-disposition/package.json
46 verbose installManyTop reading scoped package data from /home/mohitranjan/Documents/my-practice-stuff/MERN-Blog/Server/node_modules/content-type/package.json
47 verbose installManyTop reading scoped package data from /home/mohitranjan/Documents/my-practice-stuff/MERN-Blog/Server/node_modules/cookie/package.json
48 verbose installManyTop reading scoped package data from /home/mohitranjan/Documents/my-practice-stuff/MERN-Blog/Server/node_modules/cookie-parser/package.json
49 verbose installManyTop reading scoped package data from /home/mohitranjan/Documents/my-practice-stuff/MERN-Blog/Server/node_modules/cookie-signature/package.json
50 verbose installManyTop reading scoped package data from /home/mohitranjan/Documents/my-practice-stuff/MERN-Blog/Server/node_modules/cors/package.json
51 verbose installManyTop reading scoped package data from /home/mohitranjan/Documents/my-practice-stuff/MERN-Blog/Server/node_modules/crypto-random-string/package.json
52 verbose installManyTop reading scoped package data from /home/mohitranjan/Documents/my-practice-stuff/MERN-Blog/Server/node_modules/css/package.json
53 verbose installManyTop reading scoped package data from /home/mohitranjan/Documents/my-practice-stuff/MERN-Blog/Server/node_modules/css-parse/package.json
54 verbose installManyTop reading scoped package data from /home/mohitranjan/Documents/my-practice-stuff/MERN-Blog/Server/node_modules/css-stringify/package.json
55 verbose installManyTop reading scoped package data from /home/mohitranjan/Documents/my-practice-stuff/MERN-Blog/Server/node_modules/debug/package.json
56 verbose installManyTop reading scoped package data from /home/mohitranjan/Documents/my-practice-stuff/MERN-Blog/Server/node_modules/decamelize/package.json
57 verbose installManyTop reading scoped package data from /home/mohitranjan/Documents/my-practice-stuff/MERN-Blog/Server/node_modules/decompress-response/package.json
58 verbose installManyTop reading scoped package data from /home/mohitranjan/Documents/my-practice-stuff/MERN-Blog/Server/node_modules/deep-extend/package.json
59 verbose installManyTop reading scoped package data from /home/mohitranjan/Documents/my-practice-stuff/MERN-Blog/Server/node_modules/defer-to-connect/package.json
60 verbose installManyTop reading scoped package data from /home/mohitranjan/Documents/my-practice-stuff/MERN-Blog/Server/node_modules/denque/package.json
61 verbose installManyTop reading scoped package data from /home/mohitranjan/Documents/my-practice-stuff/MERN-Blog/Server/node_modules/depd/package.json
62 verbose installManyTop reading scoped package data from /home/mohitranjan/Documents/my-practice-stuff/MERN-Blog/Server/node_modules/destroy/package.json
63 verbose installManyTop reading scoped package data from /home/mohitranjan/Documents/my-practice-stuff/MERN-Blog/Server/node_modules/dot-prop/package.json
64 verbose installManyTop reading scoped package data from /home/mohitranjan/Documents/my-practice-stuff/MERN-Blog/Server/node_modules/dotenv/package.json
65 verbose installManyTop reading scoped package data from /home/mohitranjan/Documents/my-practice-stuff/MERN-Blog/Server/node_modules/duplexer3/package.json
66 verbose installManyTop reading scoped package data from /home/mohitranjan/Documents/my-practice-stuff/MERN-Blog/Server/node_modules/ee-first/package.json
67 verbose installManyTop reading scoped package data from /home/mohitranjan/Documents/my-practice-stuff/MERN-Blog/Server/node_modules/emoji-regex/package.json
68 verbose installManyTop reading scoped package data from /home/mohitranjan/Documents/my-practice-stuff/MERN-Blog/Server/node_modules/encodeurl/package.json
69 verbose installManyTop reading scoped package data from /home/mohitranjan/Documents/my-practice-stuff/MERN-Blog/Server/node_modules/end-of-stream/package.json
70 verbose installManyTop reading scoped package data from /home/mohitranjan/Documents/my-practice-stuff/MERN-Blog/Server/node_modules/escape-goat/package.json
71 verbose installManyTop reading scoped package data from /home/mohitranjan/Documents/my-practice-stuff/MERN-Blog/Server/node_modules/escape-html/package.json
72 verbose installManyTop reading scoped package data from /home/mohitranjan/Documents/my-practice-stuff/MERN-Blog/Server/node_modules/etag/package.json
73 verbose installManyTop reading scoped package data from /home/mohitranjan/Documents/my-practice-stuff/MERN-Blog/Server/node_modules/express/package.json
74 verbose installManyTop reading scoped package data from /home/mohitranjan/Documents/my-practice-stuff/MERN-Blog/Server/node_modules/fill-range/package.json
75 verbose installManyTop reading scoped package data from /home/mohitranjan/Documents/my-practice-stuff/MERN-Blog/Server/node_modules/finalhandler/package.json
76 verbose installManyTop reading scoped package data from /home/mohitranjan/Documents/my-practice-stuff/MERN-Blog/Server/node_modules/forwarded/package.json
77 verbose installManyTop reading scoped package data from /home/mohitranjan/Documents/my-practice-stuff/MERN-Blog/Server/node_modules/fresh/package.json
78 verbose installManyTop reading scoped package data from /home/mohitranjan/Documents/my-practice-stuff/MERN-Blog/Server/node_modules/get-stream/package.json
79 verbose installManyTop reading scoped package data from /home/mohitranjan/Documents/my-practice-stuff/MERN-Blog/Server/node_modules/glob-parent/package.json
80 verbose installManyTop reading scoped package data from /home/mohitranjan/Documents/my-practice-stuff/MERN-Blog/Server/node_modules/global-dirs/package.json
81 verbose installManyTop reading scoped package data from /home/mohitranjan/Documents/my-practice-stuff/MERN-Blog/Server/node_modules/got/package.json
82 verbose installManyTop reading scoped package data from /home/mohitranjan/Documents/my-practice-stuff/MERN-Blog/Server/node_modules/graceful-fs/package.json
83 verbose installManyTop reading scoped package data from /home/mohitranjan/Documents/my-practice-stuff/MERN-Blog/Server/node_modules/graceful-readlink/package.json
84 verbose installManyTop reading scoped package data from /home/mohitranjan/Documents/my-practice-stuff/MERN-Blog/Server/node_modules/has-flag/package.json
85 verbose installManyTop reading scoped package data from /home/mohitranjan/Documents/my-practice-stuff/MERN-Blog/Server/node_modules/has-yarn/package.json
86 verbose installManyTop reading scoped package data from /home/mohitranjan/Documents/my-practice-stuff/MERN-Blog/Server/node_modules/http-cache-semantics/package.json
87 verbose installManyTop reading scoped package data from /home/mohitranjan/Documents/my-practice-stuff/MERN-Blog/Server/node_modules/http-errors/package.json
88 verbose installManyTop reading scoped package data from /home/mohitranjan/Documents/my-practice-stuff/MERN-Blog/Server/node_modules/iconv-lite/package.json
89 verbose installManyTop reading scoped package data from /home/mohitranjan/Documents/my-practice-stuff/MERN-Blog/Server/node_modules/ieee754/package.json
90 verbose installManyTop reading scoped package data from /home/mohitranjan/Documents/my-practice-stuff/MERN-Blog/Server/node_modules/ignore-by-default/package.json
91 verbose installManyTop reading scoped package data from /home/mohitranjan/Documents/my-practice-stuff/MERN-Blog/Server/node_modules/import-lazy/package.json
92 verbose installManyTop reading scoped package data from /home/mohitranjan/Documents/my-practice-stuff/MERN-Blog/Server/node_modules/imurmurhash/package.json
93 verbose installManyTop reading scoped package data from /home/mohitranjan/Documents/my-practice-stuff/MERN-Blog/Server/node_modules/inherits/package.json
94 verbose installManyTop reading scoped package data from /home/mohitranjan/Documents/my-practice-stuff/MERN-Blog/Server/node_modules/ini/package.json
95 verbose installManyTop reading scoped package data from /home/mohitranjan/Documents/my-practice-stuff/MERN-Blog/Server/node_modules/ip/package.json
96 verbose installManyTop reading scoped package data from /home/mohitranjan/Documents/my-practice-stuff/MERN-Blog/Server/node_modules/ipaddr.js/package.json
97 verbose installManyTop reading scoped package data from /home/mohitranjan/Documents/my-practice-stuff/MERN-Blog/Server/node_modules/is-binary-path/package.json
98 verbose installManyTop reading scoped package data from /home/mohitranjan/Documents/my-practice-stuff/MERN-Blog/Server/node_modules/is-buffer/package.json
99 verbose installManyTop reading scoped package data from /home/mohitranjan/Documents/my-practice-stuff/MERN-Blog/Server/node_modules/is-ci/package.json
100 verbose installManyTop reading scoped package data from /home/mohitranjan/Documents/my-practice-stuff/MERN-Blog/Server/node_modules/is-extglob/package.json
101 verbose installManyTop reading scoped package data from /home/mohitranjan/Documents/my-practice-stuff/MERN-Blog/Server/node_modules/is-fullwidth-code-point/package.json
102 verbose installManyTop reading scoped package data from /home/mohitranjan/Documents/my-practice-stuff/MERN-Blog/Server/node_modules/is-glob/package.json
103 verbose installManyTop reading scoped package data from /home/mohitranjan/Documents/my-practice-stuff/MERN-Blog/Server/node_modules/is-installed-globally/package.json
104 verbose installManyTop reading scoped package data from /home/mohitranjan/Documents/my-practice-stuff/MERN-Blog/Server/node_modules/is-npm/package.json
105 verbose installManyTop reading scoped package data from /home/mohitranjan/Documents/my-practice-stuff/MERN-Blog/Server/node_modules/is-number/package.json
106 verbose installManyTop reading scoped package data from /home/mohitranjan/Documents/my-practice-stuff/MERN-Blog/Server/node_modules/is-obj/package.json
107 verbose installManyTop reading scoped package data from /home/mohitranjan/Documents/my-practice-stuff/MERN-Blog/Server/node_modules/is-path-inside/package.json
108 verbose installManyTop reading scoped package data from /home/mohitranjan/Documents/my-practice-stuff/MERN-Blog/Server/node_modules/is-promise/package.json
109 verbose installManyTop reading scoped package data from /home/mohitranjan/Documents/my-practice-stuff/MERN-Blog/Server/node_modules/is-typedarray/package.json
110 verbose installManyTop reading scoped package data from /home/mohitranjan/Documents/my-practice-stuff/MERN-Blog/Server/node_modules/is-yarn-global/package.json
111 verbose installManyTop reading scoped package data from /home/mohitranjan/Documents/my-practice-stuff/MERN-Blog/Server/node_modules/jade/package.json
112 verbose installManyTop reading scoped package data from /home/mohitranjan/Documents/my-practice-stuff/MERN-Blog/Server/node_modules/json-buffer/package.json
113 verbose installManyTop reading scoped package data from /home/mohitranjan/Documents/my-practice-stuff/MERN-Blog/Server/node_modules/jstransformer/package.json
114 verbose installManyTop reading scoped package data from /home/mohitranjan/Documents/my-practice-stuff/MERN-Blog/Server/node_modules/kareem/package.json
115 verbose installManyTop reading scoped package data from /home/mohitranjan/Documents/my-practice-stuff/MERN-Blog/Server/node_modules/keyv/package.json
116 verbose installManyTop reading scoped package data from /home/mohitranjan/Documents/my-practice-stuff/MERN-Blog/Server/node_modules/kind-of/package.json
117 verbose installManyTop reading scoped package data from /home/mohitranjan/Documents/my-practice-stuff/MERN-Blog/Server/node_modules/latest-version/package.json
118 verbose installManyTop reading scoped package data from /home/mohitranjan/Documents/my-practice-stuff/MERN-Blog/Server/node_modules/lazy-cache/package.json
119 verbose installManyTop reading scoped package data from /home/mohitranjan/Documents/my-practice-stuff/MERN-Blog/Server/node_modules/longest/package.json
120 verbose installManyTop reading scoped package data from /home/mohitranjan/Documents/my-practice-stuff/MERN-Blog/Server/node_modules/lowercase-keys/package.json
121 verbose installManyTop reading scoped package data from /home/mohitranjan/Documents/my-practice-stuff/MERN-Blog/Server/node_modules/lru-cache/package.json
122 verbose installManyTop reading scoped package data from /home/mohitranjan/Documents/my-practice-stuff/MERN-Blog/Server/node_modules/make-dir/package.json
123 verbose installManyTop reading scoped package data from /home/mohitranjan/Documents/my-practice-stuff/MERN-Blog/Server/node_modules/media-typer/package.json
124 verbose installManyTop reading scoped package data from /home/mohitranjan/Documents/my-practice-stuff/MERN-Blog/Server/node_modules/memory-pager/package.json
125 verbose installManyTop reading scoped package data from /home/mohitranjan/Documents/my-practice-stuff/MERN-Blog/Server/node_modules/merge-descriptors/package.json
126 verbose installManyTop reading scoped package data from /home/mohitranjan/Documents/my-practice-stuff/MERN-Blog/Server/node_modules/methods/package.json
127 verbose installManyTop reading scoped package data from /home/mohitranjan/Documents/my-practice-stuff/MERN-Blog/Server/node_modules/mime/package.json
128 verbose installManyTop reading scoped package data from /home/mohitranjan/Documents/my-practice-stuff/MERN-Blog/Server/node_modules/mime-db/package.json
129 verbose installManyTop reading scoped package data from /home/mohitranjan/Documents/my-practice-stuff/MERN-Blog/Server/node_modules/mime-types/package.json
130 verbose installManyTop reading scoped package data from /home/mohitranjan/Documents/my-practice-stuff/MERN-Blog/Server/node_modules/mimic-response/package.json
131 verbose installManyTop reading scoped package data from /home/mohitranjan/Documents/my-practice-stuff/MERN-Blog/Server/node_modules/minimatch/package.json
132 verbose installManyTop reading scoped package data from /home/mohitranjan/Documents/my-practice-stuff/MERN-Blog/Server/node_modules/minimist/package.json
133 verbose installManyTop reading scoped package data from /home/mohitranjan/Documents/my-practice-stuff/MERN-Blog/Server/node_modules/mkdirp/package.json
134 verbose installManyTop reading scoped package data from /home/mohitranjan/Documents/my-practice-stuff/MERN-Blog/Server/node_modules/mongodb/package.json
135 verbose installManyTop reading scoped package data from /home/mohitranjan/Documents/my-practice-stuff/MERN-Blog/Server/node_modules/mongodb-connection-string-url/package.json
136 verbose installManyTop reading scoped package data from /home/mohitranjan/Documents/my-practice-stuff/MERN-Blog/Server/node_modules/mongoose/package.json
137 verbose installManyTop reading scoped package data from /home/mohitranjan/Documents/my-practice-stuff/MERN-Blog/Server/node_modules/morgan/package.json
138 verbose installManyTop reading scoped package data from /home/mohitranjan/Documents/my-practice-stuff/MERN-Blog/Server/node_modules/mpath/package.json
139 verbose installManyTop reading scoped package data from /home/mohitranjan/Documents/my-practice-stuff/MERN-Blog/Server/node_modules/mquery/package.json
140 verbose installManyTop reading scoped package data from /home/mohitranjan/Documents/my-practice-stuff/MERN-Blog/Server/node_modules/ms/package.json
141 verbose installManyTop reading scoped package data from /home/mohitranjan/Documents/my-practice-stuff/MERN-Blog/Server/node_modules/negotiator/package.json
142 verbose installManyTop reading scoped package data from /home/mohitranjan/Documents/my-practice-stuff/MERN-Blog/Server/node_modules/nodemon/package.json
143 verbose installManyTop reading scoped package data from /home/mohitranjan/Documents/my-practice-stuff/MERN-Blog/Server/node_modules/nopt/package.json
144 verbose installManyTop reading scoped package data from /home/mohitranjan/Documents/my-practice-stuff/MERN-Blog/Server/node_modules/normalize-path/package.json
145 verbose installManyTop reading scoped package data from /home/mohitranjan/Documents/my-practice-stuff/MERN-Blog/Server/node_modules/normalize-url/package.json
146 verbose installManyTop reading scoped package data from /home/mohitranjan/Documents/my-practice-stuff/MERN-Blog/Server/node_modules/object-assign/package.json
147 verbose installManyTop reading scoped package data from /home/mohitranjan/Documents/my-practice-stuff/MERN-Blog/Server/node_modules/on-finished/package.json
148 verbose installManyTop reading scoped package data from /home/mohitranjan/Documents/my-practice-stuff/MERN-Blog/Server/node_modules/on-headers/package.json
149 verbose installManyTop reading scoped package data from /home/mohitranjan/Documents/my-practice-stuff/MERN-Blog/Server/node_modules/once/package.json
150 verbose installManyTop reading scoped package data from /home/mohitranjan/Documents/my-practice-stuff/MERN-Blog/Server/node_modules/optimist/package.json
151 verbose installManyTop reading scoped package data from /home/mohitranjan/Documents/my-practice-stuff/MERN-Blog/Server/node_modules/p-cancelable/package.json
152 verbose installManyTop reading scoped package data from /home/mohitranjan/Documents/my-practice-stuff/MERN-Blog/Server/node_modules/package-json/package.json
153 verbose installManyTop reading scoped package data from /home/mohitranjan/Documents/my-practice-stuff/MERN-Blog/Server/node_modules/parseurl/package.json
154 verbose installManyTop reading scoped package data from /home/mohitranjan/Documents/my-practice-stuff/MERN-Blog/Server/node_modules/path-to-regexp/package.json
155 verbose installManyTop reading scoped package data from /home/mohitranjan/Documents/my-practice-stuff/MERN-Blog/Server/node_modules/picomatch/package.json
156 verbose installManyTop reading scoped package data from /home/mohitranjan/Documents/my-practice-stuff/MERN-Blog/Server/node_modules/prepend-http/package.json
157 verbose installManyTop reading scoped package data from /home/mohitranjan/Documents/my-practice-stuff/MERN-Blog/Server/node_modules/promise/package.json
158 verbose installManyTop reading scoped package data from /home/mohitranjan/Documents/my-practice-stuff/MERN-Blog/Server/node_modules/proxy-addr/package.json
159 verbose installManyTop reading scoped package data from /home/mohitranjan/Documents/my-practice-stuff/MERN-Blog/Server/node_modules/pstree.remy/package.json
160 verbose installManyTop reading scoped package data from /home/mohitranjan/Documents/my-practice-stuff/MERN-Blog/Server/node_modules/pump/package.json
161 verbose installManyTop reading scoped package data from /home/mohitranjan/Documents/my-practice-stuff/MERN-Blog/Server/node_modules/punycode/package.json
162 verbose installManyTop reading scoped package data from /home/mohitranjan/Documents/my-practice-stuff/MERN-Blog/Server/node_modules/pupa/package.json
163 verbose installManyTop reading scoped package data from /home/mohitranjan/Documents/my-practice-stuff/MERN-Blog/Server/node_modules/qs/package.json
164 verbose installManyTop reading scoped package data from /home/mohitranjan/Documents/my-practice-stuff/MERN-Blog/Server/node_modules/range-parser/package.json
165 verbose installManyTop reading scoped package data from /home/mohitranjan/Documents/my-practice-stuff/MERN-Blog/Server/node_modules/raw-body/package.json
166 verbose installManyTop reading scoped package data from /home/mohitranjan/Documents/my-practice-stuff/MERN-Blog/Server/node_modules/rc/package.json
167 verbose installManyTop reading scoped package data from /home/mohitranjan/Documents/my-practice-stuff/MERN-Blog/Server/node_modules/readdirp/package.json
168 verbose installManyTop reading scoped package data from /home/mohitranjan/Documents/my-practice-stuff/MERN-Blog/Server/node_modules/registry-auth-token/package.json
169 verbose installManyTop reading scoped package data from /home/mohitranjan/Documents/my-practice-stuff/MERN-Blog/Server/node_modules/registry-url/package.json
170 verbose installManyTop reading scoped package data from /home/mohitranjan/Documents/my-practice-stuff/MERN-Blog/Server/node_modules/repeat-string/package.json
171 verbose installManyTop reading scoped package data from /home/mohitranjan/Documents/my-practice-stuff/MERN-Blog/Server/node_modules/responselike/package.json
172 verbose installManyTop reading scoped package data from /home/mohitranjan/Documents/my-practice-stuff/MERN-Blog/Server/node_modules/right-align/package.json
173 verbose installManyTop reading scoped package data from /home/mohitranjan/Documents/my-practice-stuff/MERN-Blog/Server/node_modules/safe-buffer/package.json
174 verbose installManyTop reading scoped package data from /home/mohitranjan/Documents/my-practice-stuff/MERN-Blog/Server/node_modules/safer-buffer/package.json
175 verbose installManyTop reading scoped package data from /home/mohitranjan/Documents/my-practice-stuff/MERN-Blog/Server/node_modules/saslprep/package.json
176 verbose installManyTop reading scoped package data from /home/mohitranjan/Documents/my-practice-stuff/MERN-Blog/Server/node_modules/semver/package.json
177 verbose installManyTop reading scoped package data from /home/mohitranjan/Documents/my-practice-stuff/MERN-Blog/Server/node_modules/semver-diff/package.json
178 verbose installManyTop reading scoped package data from /home/mohitranjan/Documents/my-practice-stuff/MERN-Blog/Server/node_modules/send/package.json
179 verbose installManyTop reading scoped package data from /home/mohitranjan/Documents/my-practice-stuff/MERN-Blog/Server/node_modules/serve-static/package.json
180 verbose installManyTop reading scoped package data from /home/mohitranjan/Documents/my-practice-stuff/MERN-Blog/Server/node_modules/setprototypeof/package.json
181 verbose installManyTop reading scoped package data from /home/mohitranjan/Documents/my-practice-stuff/MERN-Blog/Server/node_modules/sift/package.json
182 verbose installManyTop reading scoped package data from /home/mohitranjan/Documents/my-practice-stuff/MERN-Blog/Server/node_modules/signal-exit/package.json
183 verbose installManyTop reading scoped package data from /home/mohitranjan/Documents/my-practice-stuff/MERN-Blog/Server/node_modules/smart-buffer/package.json
184 verbose installManyTop reading scoped package data from /home/mohitranjan/Documents/my-practice-stuff/MERN-Blog/Server/node_modules/socks/package.json
185 verbose installManyTop reading scoped package data from /home/mohitranjan/Documents/my-practice-stuff/MERN-Blog/Server/node_modules/source-map/package.json
186 verbose installManyTop reading scoped package data from /home/mohitranjan/Documents/my-practice-stuff/MERN-Blog/Server/node_modules/sparse-bitfield/package.json
187 verbose installManyTop reading scoped package data from /home/mohitranjan/Documents/my-practice-stuff/MERN-Blog/Server/node_modules/statuses/package.json
188 verbose installManyTop reading scoped package data from /home/mohitranjan/Documents/my-practice-stuff/MERN-Blog/Server/node_modules/string-width/package.json
189 verbose installManyTop reading scoped package data from /home/mohitranjan/Documents/my-practice-stuff/MERN-Blog/Server/node_modules/strip-ansi/package.json
190 verbose installManyTop reading scoped package data from /home/mohitranjan/Documents/my-practice-stuff/MERN-Blog/Server/node_modules/strip-json-comments/package.json
191 verbose installManyTop reading scoped package data from /home/mohitranjan/Documents/my-practice-stuff/MERN-Blog/Server/node_modules/supports-color/package.json
192 verbose installManyTop reading scoped package data from /home/mohitranjan/Documents/my-practice-stuff/MERN-Blog/Server/node_modules/to-readable-stream/package.json
193 verbose installManyTop reading scoped package data from /home/mohitranjan/Documents/my-practice-stuff/MERN-Blog/Server/node_modules/to-regex-range/package.json
194 verbose installManyTop reading scoped package data from /home/mohitranjan/Documents/my-practice-stuff/MERN-Blog/Server/node_modules/touch/package.json
195 verbose installManyTop reading scoped package data from /home/mohitranjan/Documents/my-practice-stuff/MERN-Blog/Server/node_modules/tr46/package.json
196 verbose installManyTop reading scoped package data from /home/mohitranjan/Documents/my-practice-stuff/MERN-Blog/Server/node_modules/transformers/package.json
197 verbose installManyTop reading scoped package data from /home/mohitranjan/Documents/my-practice-stuff/MERN-Blog/Server/node_modules/type-fest/package.json
198 verbose installManyTop reading scoped package data from /home/mohitranjan/Documents/my-practice-stuff/MERN-Blog/Server/node_modules/type-is/package.json
199 verbose installManyTop reading scoped package data from /home/mohitranjan/Documents/my-practice-stuff/MERN-Blog/Server/node_modules/typedarray-to-buffer/package.json
200 verbose installManyTop reading scoped package data from /home/mohitranjan/Documents/my-practice-stuff/MERN-Blog/Server/node_modules/uglify-js/package.json
201 verbose installManyTop reading scoped package data from /home/mohitranjan/Documents/my-practice-stuff/MERN-Blog/Server/node_modules/uglify-to-browserify/package.json
202 verbose installManyTop reading scoped package data from /home/mohitranjan/Documents/my-practice-stuff/MERN-Blog/Server/node_modules/undefsafe/package.json
203 verbose installManyTop reading scoped package data from /home/mohitranjan/Documents/my-practice-stuff/MERN-Blog/Server/node_modules/unique-string/package.json
204 verbose installManyTop reading scoped package data from /home/mohitranjan/Documents/my-practice-stuff/MERN-Blog/Server/node_modules/unpipe/package.json
205 verbose installManyTop reading scoped package data from /home/mohitranjan/Documents/my-practice-stuff/MERN-Blog/Server/node_modules/update-notifier/package.json
206 verbose installManyTop reading scoped package data from /home/mohitranjan/Documents/my-practice-stuff/MERN-Blog/Server/node_modules/url-parse-lax/package.json
207 verbose installManyTop reading scoped package data from /home/mohitranjan/Documents/my-practice-stuff/MERN-Blog/Server/node_modules/utils-merge/package.json
208 verbose installManyTop reading scoped package data from /home/mohitranjan/Documents/my-practice-stuff/MERN-Blog/Server/node_modules/vary/package.json
209 verbose installManyTop reading scoped package data from /home/mohitranjan/Documents/my-practice-stuff/MERN-Blog/Server/node_modules/void-elements/package.json
210 verbose installManyTop reading scoped package data from /home/mohitranjan/Documents/my-practice-stuff/MERN-Blog/Server/node_modules/webidl-conversions/package.json
211 verbose installManyTop reading scoped package data from /home/mohitranjan/Documents/my-practice-stuff/MERN-Blog/Server/node_modules/whatwg-url/package.json
212 verbose installManyTop reading scoped package data from /home/mohitranjan/Documents/my-practice-stuff/MERN-Blog/Server/node_modules/widest-line/package.json
213 verbose installManyTop reading scoped package data from /home/mohitranjan/Documents/my-practice-stuff/MERN-Blog/Server/node_modules/window-size/package.json
214 verbose installManyTop reading scoped package data from /home/mohitranjan/Documents/my-practice-stuff/MERN-Blog/Server/node_modules/with/package.json
215 verbose installManyTop reading scoped package data from /home/mohitranjan/Documents/my-practice-stuff/MERN-Blog/Server/node_modules/wordwrap/package.json
216 verbose installManyTop reading scoped package data from /home/mohitranjan/Documents/my-practice-stuff/MERN-Blog/Server/node_modules/wrap-ansi/package.json
217 verbose installManyTop reading scoped package data from /home/mohitranjan/Documents/my-practice-stuff/MERN-Blog/Server/node_modules/wrappy/package.json
218 verbose installManyTop reading scoped package data from /home/mohitranjan/Documents/my-practice-stuff/MERN-Blog/Server/node_modules/write-file-atomic/package.json
219 verbose installManyTop reading scoped package data from /home/mohitranjan/Documents/my-practice-stuff/MERN-Blog/Server/node_modules/xdg-basedir/package.json
220 verbose installManyTop reading scoped package data from /home/mohitranjan/Documents/my-practice-stuff/MERN-Blog/Server/node_modules/yallist/package.json
221 verbose installManyTop reading scoped package data from /home/mohitranjan/Documents/my-practice-stuff/MERN-Blog/Server/node_modules/yargs/package.json
222 verbose installManyTop reading scoped package data from /home/mohitranjan/Documents/my-practice-stuff/MERN-Blog/Server/node_modules/@sindresorhus/is/package.json
223 verbose installManyTop reading scoped package data from /home/mohitranjan/Documents/my-practice-stuff/MERN-Blog/Server/node_modules/@szmarczak/http-timer/package.json
224 verbose installManyTop reading scoped package data from /home/mohitranjan/Documents/my-practice-stuff/MERN-Blog/Server/node_modules/@types/node/package.json
225 verbose installManyTop reading scoped package data from /home/mohitranjan/Documents/my-practice-stuff/MERN-Blog/Server/node_modules/@types/webidl-conversions/package.json
226 verbose installManyTop reading scoped package data from /home/mohitranjan/Documents/my-practice-stuff/MERN-Blog/Server/node_modules/@types/whatwg-url/package.json
227 info package.json asap@1.0.0 No repository field.
228 info package.json asap@1.0.0 No license field.
229 info package.json buffer@5.7.1 buffer is also the name of a node core module.
230 info package.json css@1.0.8 No repository field.
231 info package.json css@1.0.8 No license field.
232 info package.json css-parse@1.0.4 No repository field.
233 info package.json css-parse@1.0.4 No license field.
234 info package.json css-stringify@1.0.5 No repository field.
235 info package.json css-stringify@1.0.5 No license field.
236 info package.json longest@1.0.1 license should be a valid SPDX license expression
237 info package.json optimist@0.3.7 license should be a valid SPDX license expression
238 info package.json nopt@1.0.10 license should be a valid SPDX license expression
239 info package.json punycode@2.1.1 punycode is also the name of a node core module.
240 info package.json window-size@0.1.0 No license field.
241 info package.json wordwrap@0.0.2 license should be a valid SPDX license expression
242 verbose readDependencies loading dependencies from /home/mohitranjan/Documents/my-practice-stuff/MERN-Blog/Server/package.json
243 silly cache add args [ 'passport', null ]
244 verbose cache add spec passport
245 silly cache add args [ 'passport-local', null ]
246 verbose cache add spec passport-local
247 silly cache add args [ 'passport-local-mongoose', null ]
248 verbose cache add spec passport-local-mongoose
249 silly cache add parsed spec Result {
249 silly cache add   raw: 'passport',
249 silly cache add   scope: null,
249 silly cache add   name: 'passport',
249 silly cache add   rawSpec: '',
249 silly cache add   spec: 'latest',
249 silly cache add   type: 'tag' }
250 silly addNamed passport@latest
251 verbose addNamed "latest" is being treated as a dist-tag for passport
252 info addNameTag [ 'passport', 'latest' ]
253 silly mapToRegistry name passport
254 silly mapToRegistry using default registry
255 silly mapToRegistry registry https://registry.npmjs.org/
256 silly mapToRegistry uri https://registry.npmjs.org/passport
257 verbose addNameTag registry:https://registry.npmjs.org/passport not in flight; fetching
258 silly cache add parsed spec Result {
258 silly cache add   raw: 'passport-local',
258 silly cache add   scope: null,
258 silly cache add   name: 'passport-local',
258 silly cache add   rawSpec: '',
258 silly cache add   spec: 'latest',
258 silly cache add   type: 'tag' }
259 silly addNamed passport-local@latest
260 verbose addNamed "latest" is being treated as a dist-tag for passport-local
261 info addNameTag [ 'passport-local', 'latest' ]
262 silly mapToRegistry name passport-local
263 silly mapToRegistry using default registry
264 silly mapToRegistry registry https://registry.npmjs.org/
265 silly mapToRegistry uri https://registry.npmjs.org/passport-local
266 verbose addNameTag registry:https://registry.npmjs.org/passport-local not in flight; fetching
267 silly cache add parsed spec Result {
267 silly cache add   raw: 'passport-local-mongoose',
267 silly cache add   scope: null,
267 silly cache add   name: 'passport-local-mongoose',
267 silly cache add   rawSpec: '',
267 silly cache add   spec: 'latest',
267 silly cache add   type: 'tag' }
268 silly addNamed passport-local-mongoose@latest
269 verbose addNamed "latest" is being treated as a dist-tag for passport-local-mongoose
270 info addNameTag [ 'passport-local-mongoose', 'latest' ]
271 silly mapToRegistry name passport-local-mongoose
272 silly mapToRegistry using default registry
273 silly mapToRegistry registry https://registry.npmjs.org/
274 silly mapToRegistry uri https://registry.npmjs.org/passport-local-mongoose
275 verbose addNameTag registry:https://registry.npmjs.org/passport-local-mongoose not in flight; fetching
276 verbose request uri https://registry.npmjs.org/passport
277 verbose request no auth needed
278 info attempt registry request try #1 at 8:24:37 AM
279 verbose request id c08b41b7d5e8d22a
280 http request GET https://registry.npmjs.org/passport
281 verbose request uri https://registry.npmjs.org/passport-local
282 verbose request no auth needed
283 info attempt registry request try #1 at 8:24:37 AM
284 http request GET https://registry.npmjs.org/passport-local
285 verbose request uri https://registry.npmjs.org/passport-local-mongoose
286 verbose request no auth needed
287 info attempt registry request try #1 at 8:24:37 AM
288 http request GET https://registry.npmjs.org/passport-local-mongoose
289 http 200 https://registry.npmjs.org/passport-local
290 verbose headers { date: 'Sun, 17 Apr 2022 02:54:39 GMT',
290 verbose headers   'content-type': 'application/json',
290 verbose headers   'transfer-encoding': 'chunked',
290 verbose headers   connection: 'keep-alive',
290 verbose headers   'cf-ray': '6fd1e0937a8e9633-DEL',
290 verbose headers   'access-control-allow-origin': '*',
290 verbose headers   'cache-control': 'public, max-age=300',
290 verbose headers   etag: 'W/"9fb34d770e733d16e949e185059eafe4"',
290 verbose headers   'last-modified': 'Sat, 20 Nov 2021 12:48:58 GMT',
290 verbose headers   vary: 'accept-encoding, accept',
290 verbose headers   'cf-cache-status': 'REVALIDATED',
290 verbose headers   'expect-ct': 'max-age=604800, report-uri="https://report-uri.cloudflare.com/cdn-cgi/beacon/expect-ct"',
290 verbose headers   'x-amz-replication-status': 'COMPLETED',
290 verbose headers   server: 'cloudflare',
290 verbose headers   'content-encoding': 'gzip' }
291 silly get cb [ 200,
291 silly get   { date: 'Sun, 17 Apr 2022 02:54:39 GMT',
291 silly get     'content-type': 'application/json',
291 silly get     'transfer-encoding': 'chunked',
291 silly get     connection: 'keep-alive',
291 silly get     'cf-ray': '6fd1e0937a8e9633-DEL',
291 silly get     'access-control-allow-origin': '*',
291 silly get     'cache-control': 'public, max-age=300',
291 silly get     etag: 'W/"9fb34d770e733d16e949e185059eafe4"',
291 silly get     'last-modified': 'Sat, 20 Nov 2021 12:48:58 GMT',
291 silly get     vary: 'accept-encoding, accept',
291 silly get     'cf-cache-status': 'REVALIDATED',
291 silly get     'expect-ct': 'max-age=604800, report-uri="https://report-uri.cloudflare.com/cdn-cgi/beacon/expect-ct"',
291 silly get     'x-amz-replication-status': 'COMPLETED',
291 silly get     server: 'cloudflare',
291 silly get     'content-encoding': 'gzip' } ]
292 verbose get saving passport-local to /home/mohitranjan/.npm/registry.npmjs.org/passport-local/.cache.json
293 http 200 https://registry.npmjs.org/passport
294 verbose headers { date: 'Sun, 17 Apr 2022 02:54:39 GMT',
294 verbose headers   'content-type': 'application/json',
294 verbose headers   'transfer-encoding': 'chunked',
294 verbose headers   connection: 'keep-alive',
294 verbose headers   'cf-ray': '6fd1e093be1e9632-DEL',
294 verbose headers   'access-control-allow-origin': '*',
294 verbose headers   'cache-control': 'public, max-age=300',
294 verbose headers   etag: 'W/"a0395e3a01aa4704a9b02f52ae1fee38"',
294 verbose headers   'last-modified': 'Thu, 17 Mar 2022 17:19:28 GMT',
294 verbose headers   vary: 'accept-encoding, accept',
294 verbose headers   'cf-cache-status': 'REVALIDATED',
294 verbose headers   'expect-ct': 'max-age=604800, report-uri="https://report-uri.cloudflare.com/cdn-cgi/beacon/expect-ct"',
294 verbose headers   'x-amz-replication-status': 'COMPLETED',
294 verbose headers   server: 'cloudflare',
294 verbose headers   'content-encoding': 'gzip' }
295 silly get cb [ 200,
295 silly get   { date: 'Sun, 17 Apr 2022 02:54:39 GMT',
295 silly get     'content-type': 'application/json',
295 silly get     'transfer-encoding': 'chunked',
295 silly get     connection: 'keep-alive',
295 silly get     'cf-ray': '6fd1e093be1e9632-DEL',
295 silly get     'access-control-allow-origin': '*',
295 silly get     'cache-control': 'public, max-age=300',
295 silly get     etag: 'W/"a0395e3a01aa4704a9b02f52ae1fee38"',
295 silly get     'last-modified': 'Thu, 17 Mar 2022 17:19:28 GMT',
295 silly get     vary: 'accept-encoding, accept',
295 silly get     'cf-cache-status': 'REVALIDATED',
295 silly get     'expect-ct': 'max-age=604800, report-uri="https://report-uri.cloudflare.com/cdn-cgi/beacon/expect-ct"',
295 silly get     'x-amz-replication-status': 'COMPLETED',
295 silly get     server: 'cloudflare',
295 silly get     'content-encoding': 'gzip' } ]
296 verbose get saving passport to /home/mohitranjan/.npm/registry.npmjs.org/passport/.cache.json
297 http 200 https://registry.npmjs.org/passport-local-mongoose
298 verbose headers { date: 'Sun, 17 Apr 2022 02:54:39 GMT',
298 verbose headers   'content-type': 'application/json',
298 verbose headers   'transfer-encoding': 'chunked',
298 verbose headers   connection: 'keep-alive',
298 verbose headers   'cf-ray': '6fd1e093385b3217-BOM',
298 verbose headers   'access-control-allow-origin': '*',
298 verbose headers   'cache-control': 'public, max-age=300',
298 verbose headers   etag: 'W/"43d20e61ddffa2d1a7a9057eaaa462f4"',
298 verbose headers   'last-modified': 'Sun, 13 Mar 2022 05:49:20 GMT',
298 verbose headers   vary: 'accept-encoding, accept',
298 verbose headers   'cf-cache-status': 'REVALIDATED',
298 verbose headers   'expect-ct': 'max-age=604800, report-uri="https://report-uri.cloudflare.com/cdn-cgi/beacon/expect-ct"',
298 verbose headers   'x-amz-replication-status': 'COMPLETED',
298 verbose headers   server: 'cloudflare',
298 verbose headers   'content-encoding': 'gzip' }
299 silly get cb [ 200,
299 silly get   { date: 'Sun, 17 Apr 2022 02:54:39 GMT',
299 silly get     'content-type': 'application/json',
299 silly get     'transfer-encoding': 'chunked',
299 silly get     connection: 'keep-alive',
299 silly get     'cf-ray': '6fd1e093385b3217-BOM',
299 silly get     'access-control-allow-origin': '*',
299 silly get     'cache-control': 'public, max-age=300',
299 silly get     etag: 'W/"43d20e61ddffa2d1a7a9057eaaa462f4"',
299 silly get     'last-modified': 'Sun, 13 Mar 2022 05:49:20 GMT',
299 silly get     vary: 'accept-encoding, accept',
299 silly get     'cf-cache-status': 'REVALIDATED',
299 silly get     'expect-ct': 'max-age=604800, report-uri="https://report-uri.cloudflare.com/cdn-cgi/beacon/expect-ct"',
299 silly get     'x-amz-replication-status': 'COMPLETED',
299 silly get     server: 'cloudflare',
299 silly get     'content-encoding': 'gzip' } ]
300 verbose get saving passport-local-mongoose to /home/mohitranjan/.npm/registry.npmjs.org/passport-local-mongoose/.cache.json
301 silly addNameTag next cb for passport-local with tag latest
302 silly addNamed passport-local@1.0.0
303 verbose addNamed "1.0.0" is a plain semver version for passport-local
304 silly mapToRegistry name passport-local
305 silly mapToRegistry using default registry
306 silly mapToRegistry registry https://registry.npmjs.org/
307 silly mapToRegistry uri https://registry.npmjs.org/passport-local
308 verbose addRemoteTarball https://registry.npmjs.org/passport-local/-/passport-local-1.0.0.tgz not in flight; adding
309 verbose addRemoteTarball [ 'https://registry.npmjs.org/passport-local/-/passport-local-1.0.0.tgz',
309 verbose addRemoteTarball   '1fe63268c92e75606626437e3b906662c15ba6ee' ]
310 silly addNameTag next cb for passport with tag latest
311 silly addNamed passport@0.5.2
312 verbose addNamed "0.5.2" is a plain semver version for passport
313 silly addNameTag next cb for passport-local-mongoose with tag latest
314 silly addNamed passport-local-mongoose@7.0.0
315 verbose addNamed "7.0.0" is a plain semver version for passport-local-mongoose
316 silly mapToRegistry name passport
317 silly mapToRegistry using default registry
318 silly mapToRegistry registry https://registry.npmjs.org/
319 silly mapToRegistry uri https://registry.npmjs.org/passport
320 verbose addRemoteTarball https://registry.npmjs.org/passport/-/passport-0.5.2.tgz not in flight; adding
321 verbose addRemoteTarball [ 'https://registry.npmjs.org/passport/-/passport-0.5.2.tgz',
321 verbose addRemoteTarball   '0cb38dd8a71552c8390dfa6a9a6f7f3909954bcf' ]
322 silly mapToRegistry name passport-local-mongoose
323 silly mapToRegistry using default registry
324 silly mapToRegistry registry https://registry.npmjs.org/
325 silly mapToRegistry uri https://registry.npmjs.org/passport-local-mongoose
326 verbose addRemoteTarball https://registry.npmjs.org/passport-local-mongoose/-/passport-local-mongoose-7.0.0.tgz not in flight; adding
327 verbose addRemoteTarball [ 'https://registry.npmjs.org/passport-local-mongoose/-/passport-local-mongoose-7.0.0.tgz',
327 verbose addRemoteTarball   'd8a4d4bb1bd419823f7dc9fa6d841d65a5cc4519' ]
328 info retry fetch attempt 1 at 8:24:39 AM
329 info attempt registry request try #1 at 8:24:39 AM
330 http fetch GET https://registry.npmjs.org/passport-local-mongoose/-/passport-local-mongoose-7.0.0.tgz
331 info retry fetch attempt 1 at 8:24:39 AM
332 info attempt registry request try #1 at 8:24:39 AM
333 http fetch GET https://registry.npmjs.org/passport-local/-/passport-local-1.0.0.tgz
334 info retry fetch attempt 1 at 8:24:39 AM
335 info attempt registry request try #1 at 8:24:39 AM
336 http fetch GET https://registry.npmjs.org/passport/-/passport-0.5.2.tgz
337 http fetch 200 https://registry.npmjs.org/passport-local-mongoose/-/passport-local-mongoose-7.0.0.tgz
338 silly fetchAndShaCheck shasum d8a4d4bb1bd419823f7dc9fa6d841d65a5cc4519
339 verbose addTmpTarball /tmp/npm-27064-6ae1e7e4/registry.npmjs.org/passport-local-mongoose/-/passport-local-mongoose-7.0.0.tgz not in flight; adding
340 verbose addTmpTarball already have metadata; skipping unpack for passport-local-mongoose@7.0.0
341 silly cache afterAdd passport-local-mongoose@7.0.0
342 verbose afterAdd /home/mohitranjan/.npm/passport-local-mongoose/7.0.0/package/package.json not in flight; writing
343 verbose afterAdd /home/mohitranjan/.npm/passport-local-mongoose/7.0.0/package/package.json written
344 http fetch 200 https://registry.npmjs.org/passport-local/-/passport-local-1.0.0.tgz
345 silly fetchAndShaCheck shasum 1fe63268c92e75606626437e3b906662c15ba6ee
346 verbose addTmpTarball /tmp/npm-27064-6ae1e7e4/registry.npmjs.org/passport-local/-/passport-local-1.0.0.tgz not in flight; adding
347 verbose addTmpTarball already have metadata; skipping unpack for passport-local@1.0.0
348 silly cache afterAdd passport-local@1.0.0
349 verbose afterAdd /home/mohitranjan/.npm/passport-local/1.0.0/package/package.json not in flight; writing
350 verbose afterAdd /home/mohitranjan/.npm/passport-local/1.0.0/package/package.json written
351 http fetch 200 https://registry.npmjs.org/passport/-/passport-0.5.2.tgz
352 silly fetchAndShaCheck shasum 0cb38dd8a71552c8390dfa6a9a6f7f3909954bcf
353 verbose addTmpTarball /tmp/npm-27064-6ae1e7e4/registry.npmjs.org/passport/-/passport-0.5.2.tgz not in flight; adding
354 verbose addTmpTarball already have metadata; skipping unpack for passport@0.5.2
355 silly cache afterAdd passport@0.5.2
356 verbose afterAdd /home/mohitranjan/.npm/passport/0.5.2/package/package.json not in flight; writing
357 verbose afterAdd /home/mohitranjan/.npm/passport/0.5.2/package/package.json written
358 silly install resolved [ { name: 'passport-local-mongoose',
358 silly install resolved     description: 'Mongoose plugin that simplifies building username and password login with Passport',
358 silly install resolved     version: '7.0.0',
358 silly install resolved     main: 'index.js',
358 silly install resolved     repository:
358 silly install resolved      { type: 'git',
358 silly install resolved        url: 'git+https://github.com/saintedlama/passport-local-mongoose.git' },
358 silly install resolved     author:
358 silly install resolved      { name: 'Christoph Walcher',
358 silly install resolved        email: 'christoph.walcher@gmail.com' },
358 silly install resolved     license: 'MIT',
358 silly install resolved     keywords: [ 'mongoose', 'passport', 'authentication', 'login' ],
358 silly install resolved     engines: { node: '>= 8.0.0' },
358 silly install resolved     dependencies:
358 silly install resolved      { generaterr: '^1.5.0',
358 silly install resolved        'passport-local': '^1.0.0',
358 silly install resolved        scmp: '^2.1.0' },
358 silly install resolved     devDependencies:
358 silly install resolved      { chai: '^4.3.6',
358 silly install resolved        debug: '^4.3.3',
358 silly install resolved        'drop-mongodb-collections': '^1.2.6',
358 silly install resolved        eslint: '^8.10.0',
358 silly install resolved        'eslint-config-prettier': '^8.5.0',
358 silly install resolved        'eslint-plugin-prettier': '^4.0.0',
358 silly install resolved        mocha: '^9.2.1',
358 silly install resolved        'mocha-lcov-reporter': '^1.3.0',
358 silly install resolved        mongoose: '^6.2.5',
358 silly install resolved        nyc: '^15.1.0',
358 silly install resolved        prettier: '^2.5.1',
358 silly install resolved        'should-release': '^1.2.0',
358 silly install resolved        'standard-version': '^9.3.2' },
358 silly install resolved     scripts:
358 silly install resolved      { test: 'nyc --reporter=text-summary mocha --recursive --throw-deprecation',
358 silly install resolved        'test:ci': 'nyc --reporter=lcov mocha --recursive --throw-deprecation',
358 silly install resolved        lint: 'eslint .',
358 silly install resolved        'lint:fix': 'eslint . --fix',
358 silly install resolved        'should-release': 'should-release',
358 silly install resolved        release: 'standard-version' },
358 silly install resolved     gitHead: '1cf8d2ac4351a4a51688370acc1ff07919a3f2a0',
358 silly install resolved     bugs: { url: 'https://github.com/saintedlama/passport-local-mongoose/issues' },
358 silly install resolved     homepage: 'https://github.com/saintedlama/passport-local-mongoose#readme',
358 silly install resolved     _id: 'passport-local-mongoose@7.0.0',
358 silly install resolved     _nodeVersion: '16.13.0',
358 silly install resolved     _npmVersion: '8.1.3',
358 silly install resolved     dist:
358 silly install resolved      { integrity: 'sha512-JwpMJJa7D73ri9vojXNOgsPT4pzw5UowH4QhdXQUW18noLngwJ+mtImo/5cMVlOuZEB6Q2tryy4YGqJRMZzC+g==',
358 silly install resolved        shasum: 'd8a4d4bb1bd419823f7dc9fa6d841d65a5cc4519',
358 silly install resolved        tarball: 'https://registry.npmjs.org/passport-local-mongoose/-/passport-local-mongoose-7.0.0.tgz',
358 silly install resolved        fileCount: 8,
358 silly install resolved        unpackedSize: 43149,
358 silly install resolved        'npm-signature': '-----BEGIN PGP SIGNATURE-----\r\nVersion: OpenPGP.js v4.10.10\r\nComment: https://openpgpjs.org\r\n\r\nwsFzBAEBCAAGBQJiLYXfACEJED1NWxICdlZqFiEECWMYAoorWMhJKdjhPU1b\r\nEgJ2Vmrn3Q//dDUQ3skoKlwcAWM8ep6AtPcFzsBJdRXXwYy+RbnF9QlwZ9Dt\r\n0U3DA0TaR+qkUNevLRjISiFg+D9Zc/Nog6DuBwZr2PimGq/XSxJglE6jjKbe\r\nhmcC0nSPqhkA7YFtJsPAEEZEV6JVaWhwX1BKVSQFmWIuX1U+C36wij49PjH7\r\nnxAhfNKfZ9QdHeVDwaXCbzS8xoNMX8ky/dOhVsI6Oo1B21ZmK/OkyKbGQxV+\r\nDicuQkulffCIWU/sHWZO6wvRqLhod4XN0Yg4ji3+4ZWKj6Pu5jdMyF4sTBV/\r\nCXIPFHiiSYNzHogUXzoy8PcL2/RcDERRC2wmtZl3GPnlJ7qVkq/RaNpwtrW5\r\nxY0yBQ+48XaUUAZesjnzJeK3ME6X9p6aqWVwJEX6+2DJLi/yzQvgkrCqovUB\r\nuTDQ86bHkvgdEh1VsUjL0yk4vRmcggiBWAHtLLZcfgzF/DDgVUX90xXAC5r+\r\nAzQwQwLDGtAlzNZ9wg8WaDu3VI3jumsXFs5M3U5Rkw/ocyHY7msB+dkZPj/E\r\nwLMFKL+KNSrPCVHJfYG119hqr652J1nt1pdmvRW5iFpe4a9BT4CB6a825dtV\r\nfz3NeqCjgEdyB0WKtN18phU3xI+Vwe7cdR0ZNYSj+yVdbHaO154PZAgiSakd\r\ni5LCf4zBMltzqtY3p1kV+mKoCs2l3W0TZxw=\r\n=gxZ/\r\n-----END PGP SIGNATURE-----\r\n' },
358 silly install resolved     _npmUser: { name: 'saintedlama', email: 'christoph.walcher@gmail.com' },
358 silly install resolved     directories: {},
358 silly install resolved     maintainers: [ [Object] ],
358 silly install resolved     _npmOperationalInternal:
358 silly install resolved      { host: 's3://npm-registry-packages',
358 silly install resolved        tmp: 'tmp/passport-local-mongoose_7.0.0_1647150559102_0.895636778892352' },
358 silly install resolved     _hasShrinkwrap: false,
358 silly install resolved     _shasum: 'd8a4d4bb1bd419823f7dc9fa6d841d65a5cc4519',
358 silly install resolved     _resolved: 'https://registry.npmjs.org/passport-local-mongoose/-/passport-local-mongoose-7.0.0.tgz',
358 silly install resolved     _from: 'passport-local-mongoose@latest' },
358 silly install resolved   { name: 'passport-local',
358 silly install resolved     version: '1.0.0',
358 silly install resolved     description: 'Local username and password authentication strategy for Passport.',
358 silly install resolved     keywords:
358 silly install resolved      [ 'passport',
358 silly install resolved        'local',
358 silly install resolved        'auth',
358 silly install resolved        'authn',
358 silly install resolved        'authentication',
358 silly install resolved        'username',
358 silly install resolved        'password' ],
358 silly install resolved     author:
358 silly install resolved      { name: 'Jared Hanson',
358 silly install resolved        email: 'jaredhanson@gmail.com',
358 silly install resolved        url: 'http://www.jaredhanson.net/' },
358 silly install resolved     repository:
358 silly install resolved      { type: 'git',
358 silly install resolved        url: 'git://github.com/jaredhanson/passport-local.git' },
358 silly install resolved     bugs: { url: 'http://github.com/jaredhanson/passport-local/issues' },
358 silly install resolved     licenses: [ [Object] ],
358 silly install resolved     main: './lib',
358 silly install resolved     dependencies: { 'passport-strategy': '1.x.x' },
358 silly install resolved     devDependencies:
358 silly install resolved      { mocha: '1.x.x',
358 silly install resolved        chai: '1.x.x',
358 silly install resolved        'chai-passport-strategy': '0.1.x' },
358 silly install resolved     engines: { node: '>= 0.4.0' },
358 silly install resolved     scripts: { test: 'node_modules/.bin/mocha --reporter spec --require test/bootstrap/node test/*.test.js' },
358 silly install resolved     _id: 'passport-local@1.0.0',
358 silly install resolved     dist:
358 silly install resolved      { shasum: '1fe63268c92e75606626437e3b906662c15ba6ee',
358 silly install resolved        tarball: 'https://registry.npmjs.org/passport-local/-/passport-local-1.0.0.tgz' },
358 silly install resolved     _from: 'passport-local@latest',
358 silly install resolved     _npmVersion: '1.2.25',
358 silly install resolved     _npmUser: { name: 'jaredhanson', email: 'jaredhanson@gmail.com' },
358 silly install resolved     maintainers: [ [Object] ],
358 silly install resolved     directories: {},
358 silly install resolved     _shasum: '1fe63268c92e75606626437e3b906662c15ba6ee',
358 silly install resolved     _resolved: 'https://registry.npmjs.org/passport-local/-/passport-local-1.0.0.tgz' },
358 silly install resolved   { name: 'passport',
358 silly install resolved     version: '0.5.2',
358 silly install resolved     description: 'Simple, unobtrusive authentication for Node.js.',
358 silly install resolved     keywords: [ 'express', 'connect', 'auth', 'authn', 'authentication' ],
358 silly install resolved     author:
358 silly install resolved      { name: 'Jared Hanson',
358 silly install resolved        email: 'jaredhanson@gmail.com',
358 silly install resolved        url: 'https://www.jaredhanson.me/' },
358 silly install resolved     homepage: 'https://www.passportjs.org/',
358 silly install resolved     repository:
358 silly install resolved      { type: 'git',
358 silly install resolved        url: 'git://github.com/jaredhanson/passport.git' },
358 silly install resolved     bugs: { url: 'https://github.com/jaredhanson/passport/issues' },
358 silly install resolved     funding:
358 silly install resolved      { type: 'github',
358 silly install resolved        url: 'https://github.com/sponsors/jaredhanson' },
358 silly install resolved     license: 'MIT',
358 silly install resolved     licenses: [ [Object] ],
358 silly install resolved     main: './lib',
358 silly install resolved     dependencies: { 'passport-strategy': '1.x.x', pause: '0.0.1' },
358 silly install resolved     devDependencies:
358 silly install resolved      { 'make-node': '0.3.x',
358 silly install resolved        mocha: '2.x.x',
358 silly install resolved        chai: '2.x.x',
358 silly install resolved        'chai-connect-middleware': '0.3.x',
358 silly install resolved        'chai-passport-strategy': '0.2.x',
358 silly install resolved        proxyquire: '1.4.x' },
358 silly install resolved     engines: { node: '>= 0.4.0' },
358 silly install resolved     scripts: { test: 'mocha --reporter spec --require test/bootstrap/node test/*.test.js test/**/*.test.js' },
358 silly install resolved     gitHead: 'c872f74287d2305acd30119f9593f1b1499b9d28',
358 silly install resolved     _id: 'passport@0.5.2',
358 silly install resolved     _nodeVersion: '14.16.1',
358 silly install resolved     _npmVersion: '6.14.12',
358 silly install resolved     dist:
358 silly install resolved      { integrity: 'sha512-w9n/Ot5I7orGD4y+7V3EFJCQEznE5RxHamUxcqLT2QoJY0f2JdN8GyHonYFvN0Vz+L6lUJfVhrk2aZz2LbuREw==',
358 silly install resolved        shasum: '0cb38dd8a71552c8390dfa6a9a6f7f3909954bcf',
358 silly install resolved        tarball: 'https://registry.npmjs.org/passport/-/passport-0.5.2.tgz',
358 silly install resolved        fileCount: 15,
358 silly install resolved        unpackedSize: 67893,
358 silly install resolved        'npm-signature': '-----BEGIN PGP SIGNATURE-----\r\nVersion: OpenPGP.js v3.0.13\r\nComment: https://openpgpjs.org\r\n\r\nwsFcBAEBCAAQBQJhu455CRA9TVsSAnZWagAAkokQAIraNDGpwrXAlSlZYd5m\nnATCUUl6PB8sdgOTuBZgsBoFsUXFKdC2lkoCa8RoJmiaqByA84Yv1RrIHsm/\ny0NothZr//pUBK6aQ6EH5xCDtB4wiFnw351YfMPyofJxXI+9O7ySIKynM/1b\nQrYQWETSkAsQUnjqeCbjn7iDwf+e7NprdbXTupV4XfmTh40apOLfO3+20poV\nX8CB1P5z0wDyL0iYDI7REl45babQCT1XAFHUc0R0ybNOtHY181nmguMgeMMP\nj/twEY7+/BDH3H1+M6Vyvm7JEdKj8qOQCMbte9skn055oVR3AsVqXJxZpFhP\nmyM0spjvcncCnvfscqpwOKfEnF4CD7ZPb9FsdMnFP76OM4EtqmFEgxikT5sH\n5o1tha5VJReZ+O1nazwCqaQasgE9/gc1LzE+OLRLKDDdMfM/bFvQU4QWQeWS\nPBjZ/dWbrIflzGscbm72VQ2jG6oT5P/k/8sqUsxErvil48d1r0hOhwiaDcxR\nNkgbhgVCk7TixU82+AohD1MYHwbTSaEqaESzca4u/sziMZjPE9OcF0blKGSd\nAQpnomFvev1fsco0Ld92FloGQ+oXsUM6VfAJnZVXbrFjYEud6U+80JZmQJQk\nEvQf/6ncQ4JoiaMU4bpFvUokrlqdpst+flGFqjhJo6qW/B7cFum7yOHn7jtL\n+iyO\r\n=AcOH\r\n-----END PGP SIGNATURE-----\r\n' },
358 silly install resolved     _npmUser: { name: 'jaredhanson', email: 'jaredhanson@gmail.com' },
358 silly install resolved     directories: {},
358 silly install resolved     maintainers: [ [Object] ],
358 silly install resolved     _npmOperationalInternal:
358 silly install resolved      { host: 's3://npm-registry-packages',
358 silly install resolved        tmp: 'tmp/passport_0.5.2_1639681657252_0.10188083278700799' },
358 silly install resolved     _hasShrinkwrap: false,
358 silly install resolved     _shasum: '0cb38dd8a71552c8390dfa6a9a6f7f3909954bcf',
358 silly install resolved     _resolved: 'https://registry.npmjs.org/passport/-/passport-0.5.2.tgz',
358 silly install resolved     _from: 'passport@latest' } ]
359 info install passport-local-mongoose@7.0.0 into /home/mohitranjan/Documents/my-practice-stuff/MERN-Blog/Server
360 info install passport-local@1.0.0 into /home/mohitranjan/Documents/my-practice-stuff/MERN-Blog/Server
361 info install passport@0.5.2 into /home/mohitranjan/Documents/my-practice-stuff/MERN-Blog/Server
362 info installOne passport-local-mongoose@7.0.0
363 verbose installOne of passport-local-mongoose to /home/mohitranjan/Documents/my-practice-stuff/MERN-Blog/Server not in flight; installing
364 info installOne passport-local@1.0.0
365 verbose installOne of passport-local to /home/mohitranjan/Documents/my-practice-stuff/MERN-Blog/Server not in flight; installing
366 info installOne passport@0.5.2
367 verbose installOne of passport to /home/mohitranjan/Documents/my-practice-stuff/MERN-Blog/Server not in flight; installing
368 verbose lock using /home/mohitranjan/.npm/_locks/passport-local-mongoose-f2cab7e392d233fb.lock for /home/mohitranjan/Documents/my-practice-stuff/MERN-Blog/Server/node_modules/passport-local-mongoose
369 verbose lock using /home/mohitranjan/.npm/_locks/passport-local-a1e9f1cf7736f187.lock for /home/mohitranjan/Documents/my-practice-stuff/MERN-Blog/Server/node_modules/passport-local
370 verbose lock using /home/mohitranjan/.npm/_locks/passport-fbb7b3cf9d583502.lock for /home/mohitranjan/Documents/my-practice-stuff/MERN-Blog/Server/node_modules/passport
371 silly install write writing passport-local-mongoose 7.0.0 to /home/mohitranjan/Documents/my-practice-stuff/MERN-Blog/Server/node_modules/passport-local-mongoose
372 silly install write writing passport-local 1.0.0 to /home/mohitranjan/Documents/my-practice-stuff/MERN-Blog/Server/node_modules/passport-local
373 silly install write writing passport 0.5.2 to /home/mohitranjan/Documents/my-practice-stuff/MERN-Blog/Server/node_modules/passport
374 verbose unbuild node_modules/passport-local
375 verbose unbuild node_modules/passport
376 verbose unbuild node_modules/passport-local-mongoose
377 silly gentlyRm /home/mohitranjan/Documents/my-practice-stuff/MERN-Blog/Server/node_modules/passport-local is being purged from base /home/mohitranjan/Documents/my-practice-stuff/MERN-Blog/Server
378 verbose gentlyRm don't care about contents; nuking /home/mohitranjan/Documents/my-practice-stuff/MERN-Blog/Server/node_modules/passport-local
379 silly gentlyRm /home/mohitranjan/Documents/my-practice-stuff/MERN-Blog/Server/node_modules/passport is being purged from base /home/mohitranjan/Documents/my-practice-stuff/MERN-Blog/Server
380 verbose gentlyRm don't care about contents; nuking /home/mohitranjan/Documents/my-practice-stuff/MERN-Blog/Server/node_modules/passport
381 silly gentlyRm /home/mohitranjan/Documents/my-practice-stuff/MERN-Blog/Server/node_modules/passport-local-mongoose is being purged from base /home/mohitranjan/Documents/my-practice-stuff/MERN-Blog/Server
382 verbose gentlyRm don't care about contents; nuking /home/mohitranjan/Documents/my-practice-stuff/MERN-Blog/Server/node_modules/passport-local-mongoose
383 verbose tar unpack /home/mohitranjan/.npm/passport-local/1.0.0/package.tgz
384 verbose tar unpacking to /home/mohitranjan/Documents/my-practice-stuff/MERN-Blog/Server/node_modules/passport-local
385 silly gentlyRm /home/mohitranjan/Documents/my-practice-stuff/MERN-Blog/Server/node_modules/passport-local is being purged
386 verbose gentlyRm don't care about contents; nuking /home/mohitranjan/Documents/my-practice-stuff/MERN-Blog/Server/node_modules/passport-local
387 verbose tar unpack /home/mohitranjan/.npm/passport/0.5.2/package.tgz
388 verbose tar unpacking to /home/mohitranjan/Documents/my-practice-stuff/MERN-Blog/Server/node_modules/passport
389 silly gentlyRm /home/mohitranjan/Documents/my-practice-stuff/MERN-Blog/Server/node_modules/passport is being purged
390 verbose gentlyRm don't care about contents; nuking /home/mohitranjan/Documents/my-practice-stuff/MERN-Blog/Server/node_modules/passport
391 verbose tar unpack /home/mohitranjan/.npm/passport-local-mongoose/7.0.0/package.tgz
392 verbose tar unpacking to /home/mohitranjan/Documents/my-practice-stuff/MERN-Blog/Server/node_modules/passport-local-mongoose
393 silly gentlyRm /home/mohitranjan/Documents/my-practice-stuff/MERN-Blog/Server/node_modules/passport-local-mongoose is being purged
394 verbose gentlyRm don't care about contents; nuking /home/mohitranjan/Documents/my-practice-stuff/MERN-Blog/Server/node_modules/passport-local-mongoose
395 silly gunzTarPerm modes [ '775', '664' ]
396 silly gunzTarPerm modes [ '775', '664' ]
397 silly gunzTarPerm modes [ '775', '664' ]
398 error tar.unpack untar error /home/mohitranjan/.npm/passport-local/1.0.0/package.tgz
399 error tar.unpack untar error /home/mohitranjan/.npm/passport/0.5.2/package.tgz
400 error tar.unpack untar error /home/mohitranjan/.npm/passport-local-mongoose/7.0.0/package.tgz
401 verbose unlock done using /home/mohitranjan/.npm/_locks/passport-local-a1e9f1cf7736f187.lock for /home/mohitranjan/Documents/my-practice-stuff/MERN-Blog/Server/node_modules/passport-local
402 verbose unlock done using /home/mohitranjan/.npm/_locks/passport-fbb7b3cf9d583502.lock for /home/mohitranjan/Documents/my-practice-stuff/MERN-Blog/Server/node_modules/passport
403 verbose unlock done using /home/mohitranjan/.npm/_locks/passport-local-mongoose-f2cab7e392d233fb.lock for /home/mohitranjan/Documents/my-practice-stuff/MERN-Blog/Server/node_modules/passport-local-mongoose
404 verbose fstream_path /home/mohitranjan/Documents/my-practice-stuff/MERN-Blog/Server/node_modules/passport-local
405 verbose fstream_type Directory
406 verbose fstream_class DirWriter
407 verbose stack Error: EACCES: permission denied, mkdir '/home/mohitranjan/Documents/my-practice-stuff/MERN-Blog/Server/node_modules/passport-local'
407 verbose stack     at Error (native)
408 verbose fstream_stack /home/mohitranjan/.nvm/versions/node/v4.3.2/lib/node_modules/npm/node_modules/fstream/lib/dir-writer.js:35:25
408 verbose fstream_stack /home/mohitranjan/.nvm/versions/node/v4.3.2/lib/node_modules/npm/node_modules/mkdirp/index.js:47:53
408 verbose fstream_stack FSReqWrap.oncomplete (fs.js:82:15)
409 verbose cwd /home/mohitranjan/Documents/my-practice-stuff/MERN-Blog/Server
410 error Linux 5.4.0-107-generic
411 error argv "/home/mohitranjan/.nvm/versions/node/v4.3.2/bin/node" "/home/mohitranjan/.nvm/versions/node/v4.3.2/bin/npm" "i" "passport" "passport-local" "passport-local-mongoose"
412 error node v4.3.2
413 error npm  v2.14.12
414 error path /home/mohitranjan/Documents/my-practice-stuff/MERN-Blog/Server/node_modules/passport-local
415 error code EACCES
416 error errno -13
417 error syscall mkdir
418 error Error: EACCES: permission denied, mkdir '/home/mohitranjan/Documents/my-practice-stuff/MERN-Blog/Server/node_modules/passport-local'
418 error     at Error (native)
418 error  { [Error: EACCES: permission denied, mkdir '/home/mohitranjan/Documents/my-practice-stuff/MERN-Blog/Server/node_modules/passport-local']
418 error   errno: -13,
418 error   code: 'EACCES',
418 error   syscall: 'mkdir',
418 error   path: '/home/mohitranjan/Documents/my-practice-stuff/MERN-Blog/Server/node_modules/passport-local',
418 error   fstream_type: 'Directory',
418 error   fstream_path: '/home/mohitranjan/Documents/my-practice-stuff/MERN-Blog/Server/node_modules/passport-local',
418 error   fstream_class: 'DirWriter',
418 error   fstream_stack:
418 error    [ '/home/mohitranjan/.nvm/versions/node/v4.3.2/lib/node_modules/npm/node_modules/fstream/lib/dir-writer.js:35:25',
418 error      '/home/mohitranjan/.nvm/versions/node/v4.3.2/lib/node_modules/npm/node_modules/mkdirp/index.js:47:53',
418 error      'FSReqWrap.oncomplete (fs.js:82:15)' ] }
419 error Please try running this command again as root/Administrator.
420 verbose exit [ -13, true ]
421 verbose unbuild node_modules/passport-local
422 silly gentlyRm /home/mohitranjan/Documents/my-practice-stuff/MERN-Blog/Server/node_modules/passport-local is being purged from base /home/mohitranjan/Documents/my-practice-stuff/MERN-Blog/Server
423 verbose gentlyRm don't care about contents; nuking /home/mohitranjan/Documents/my-practice-stuff/MERN-Blog/Server/node_modules/passport-local
424 verbose unbuild node_modules/passport
425 silly gentlyRm /home/mohitranjan/Documents/my-practice-stuff/MERN-Blog/Server/node_modules/passport is being purged from base /home/mohitranjan/Documents/my-practice-stuff/MERN-Blog/Server
426 verbose gentlyRm don't care about contents; nuking /home/mohitranjan/Documents/my-practice-stuff/MERN-Blog/Server/node_modules/passport
427 verbose unbuild node_modules/passport-local-mongoose
428 silly gentlyRm /home/mohitranjan/Documents/my-practice-stuff/MERN-Blog/Server/node_modules/passport-local-mongoose is being purged from base /home/mohitranjan/Documents/my-practice-stuff/MERN-Blog/Server
429 verbose gentlyRm don't care about contents; nuking /home/mohitranjan/Documents/my-practice-stuff/MERN-Blog/Server/node_modules/passport-local-mongoose
